<?xml version="1.0" encoding="UTF-8"?>
<testng-results skipped="0" failed="0" total="0" passed="0">
  <reporter-output>
  </reporter-output>
  <suite name="Task1" duration-ms="54" started-at="2017-03-16T12:22:14Z" finished-at="2017-03-16T12:22:14Z">
    <groups>
    </groups>
    <test name="Firefox Test" duration-ms="8" started-at="2017-03-16T12:22:14Z" finished-at="2017-03-16T12:22:14Z">
    </test> <!-- Firefox Test -->
    <test name="Chrome Test" duration-ms="1" started-at="2017-03-16T12:22:14Z" finished-at="2017-03-16T12:22:14Z">
    </test> <!-- Chrome Test -->
    <test name="Internet Explorer Test" duration-ms="1" started-at="2017-03-16T12:22:14Z" finished-at="2017-03-16T12:22:14Z">
    </test> <!-- Internet Explorer Test -->
  </suite> <!-- Task1 -->
</testng-results>
